<?xml version="1.0" encoding="UTF-8"?>
<!-- Generated by org.testng.reporters.JUnitReportReporter -->
<testsuite hostname="DESKTOP-TASGCT9" failures="0" tests="3" name="com.crm.qa.testcases.ContactsPageTest" time="78.989" errors="0" timestamp="07 Feb 2022 23:42:31 GMT" skipped="0">
  <testcase classname="com.crm.qa.testcases.ContactsPageTest" name="validateCreateNewContactString" time="26.233"/>
  <testcase classname="com.crm.qa.testcases.ContactsPageTest" name="validateCreateNewContactString" time="26.681"/>
  <testcase classname="com.crm.qa.testcases.ContactsPageTest" name="validateCreateNewContactString" time="26.075"/>
</testsuite> <!-- com.crm.qa.testcases.ContactsPageTest -->
