<?xml version="1.0" encoding="UTF-8"?>
<!-- Generated by org.testng.reporters.JUnitReportReporter -->
<testsuite hostname="DESKTOP-TASGCT9" failures="0" tests="3" name="com.crm.qa.testcases.NewLoginPageTest" time="60.161" errors="0" timestamp="07 Feb 2022 23:42:31 GMT" skipped="0">
  <testcase classname="com.crm.qa.testcases.NewLoginPageTest" name="loginPageTitleTest" time="17.129"/>
  <testcase classname="com.crm.qa.testcases.NewLoginPageTest" name="crmLogoTest" time="20.865"/>
  <testcase classname="com.crm.qa.testcases.NewLoginPageTest" name="loginTest" time="22.167"/>
</testsuite> <!-- com.crm.qa.testcases.NewLoginPageTest -->
